2024-10-22 10:20:13.201 | INFO     | main:lifespan:13 - Application is Started
2024-10-22 10:20:13.201 | INFO     | src.broker.rabbit_connection:connect:44 - Connecting to the RabbitMQ...
2024-10-22 10:20:13.227 | INFO     | src.broker.rabbit_connection:connect:48 - Successfully connected to the RabbitMQ!
2024-10-22 10:22:42.582 | INFO     | main:lifespan:17 - Application is End
2024-10-22 10:22:44.061 | INFO     | main:lifespan:13 - Application is Started
2024-10-22 10:22:44.061 | INFO     | src.broker.rabbit_connection:connect:44 - Connecting to the RabbitMQ...
2024-10-22 10:22:44.085 | INFO     | src.broker.rabbit_connection:connect:48 - Successfully connected to the RabbitMQ!
2024-10-22 10:22:50.118 | INFO     | main:lifespan:17 - Application is End
2024-10-22 10:22:51.580 | INFO     | main:lifespan:13 - Application is Started
2024-10-22 10:22:51.581 | INFO     | src.broker.rabbit_connection:connect:44 - Connecting to the RabbitMQ...
2024-10-22 10:22:51.602 | INFO     | src.broker.rabbit_connection:connect:48 - Successfully connected to the RabbitMQ!
2024-10-22 10:23:28.883 | INFO     | main:lifespan:17 - Application is End
2024-10-22 10:23:30.369 | INFO     | main:lifespan:13 - Application is Started
2024-10-22 10:23:30.369 | INFO     | src.broker.rabbit_connection:connect:44 - Connecting to the RabbitMQ...
2024-10-22 10:23:30.391 | INFO     | src.broker.rabbit_connection:connect:48 - Successfully connected to the RabbitMQ!
2024-10-22 10:25:15.696 | INFO     | main:lifespan:17 - Application is End
2024-10-22 10:58:35.358 | INFO     | main:lifespan:13 - Application is Started
2024-10-22 10:58:35.358 | INFO     | src.broker.rabbit_connection:connect:44 - Connecting to the RabbitMQ...
2024-10-22 10:59:12.058 | INFO     | main:lifespan:13 - Application is Started
2024-10-22 11:19:51.657 | INFO     | main:lifespan:17 - Application is End
2024-10-22 11:19:52.435 | INFO     | main:lifespan:13 - Application is Started
2024-10-22 11:20:10.818 | INFO     | main:lifespan:17 - Application is End
2024-10-22 11:20:11.530 | INFO     | main:lifespan:13 - Application is Started
2024-10-22 11:20:15.041 | INFO     | main:lifespan:17 - Application is End
2024-10-22 11:20:15.731 | INFO     | main:lifespan:13 - Application is Started
2024-10-22 11:22:42.221 | INFO     | main:lifespan:17 - Application is End
2024-10-22 11:22:42.938 | INFO     | main:lifespan:13 - Application is Started
2024-10-22 11:23:01.621 | INFO     | main:lifespan:17 - Application is End
2024-10-22 11:23:02.358 | INFO     | main:lifespan:13 - Application is Started
2024-10-22 11:26:39.083 | INFO     | main:lifespan:17 - Application is End
2024-10-22 11:26:39.848 | INFO     | main:lifespan:13 - Application is Started
2024-10-22 11:29:32.684 | INFO     | main:lifespan:17 - Application is End
2024-10-22 11:29:33.453 | INFO     | main:lifespan:13 - Application is Started
2024-10-22 11:30:03.780 | INFO     | main:lifespan:17 - Application is End
2024-10-22 11:30:04.498 | INFO     | main:lifespan:13 - Application is Started
2024-10-22 11:31:11.784 | INFO     | main:lifespan:17 - Application is End
2024-10-22 11:31:12.483 | INFO     | main:lifespan:13 - Application is Started
2024-10-22 11:33:30.141 | INFO     | main:lifespan:17 - Application is End
2024-10-22 11:33:30.894 | INFO     | main:lifespan:13 - Application is Started
2024-10-22 11:33:34.409 | INFO     | main:lifespan:17 - Application is End
2024-10-22 11:33:35.102 | INFO     | main:lifespan:13 - Application is Started
2024-10-22 11:34:56.926 | INFO     | main:lifespan:17 - Application is End
2024-10-22 11:34:57.775 | INFO     | main:lifespan:13 - Application is Started
2024-10-22 11:35:26.888 | INFO     | main:lifespan:17 - Application is End
2024-10-22 11:35:27.766 | INFO     | main:lifespan:13 - Application is Started
2024-10-22 11:36:48.288 | INFO     | main:lifespan:17 - Application is End
2024-10-22 11:36:49.126 | INFO     | main:lifespan:13 - Application is Started
2024-10-22 11:37:12.199 | ERROR    | src.routers.retransmission.services:create_portfolio:24 - Exception by create portfolio: (sqlalchemy.dialects.postgresql.asyncpg.Error) <class 'asyncpg.exceptions.DataError'>: invalid input for query argument $7: '05-05-2023' ('str' object has no attribute 'toordinal')
[SQL: INSERT INTO portfoliov01 (num, dl, pl, kontragent, dltype, dlnum, dldate, plquan, price, sumavans, sumlp, sumvp, sumdl, suminv, valos, sumos, fpay, opay, statdate, admdate, admavdldate, supp, catavto, comtr, div, men, brand, mod, mar, bid, lp, term, aff, ist, secl, addtype, exdate, rep, purp, val, addinc, avans, bonus, agsum, dua, dup, duz, duc, status) VALUES ($1::INTEGER, $2::VARCHAR, $3::VARCHAR, $4::VARCHAR, $5::VARCHAR, $6::VARCHAR, $7::DATE, $8::INTEGER, $9::INTEGER, $10::INTEGER, $11::INTEGER, $12::INTEGER, $13::INTEGER, $14::INTEGER, $15::INTEGER, $16::INTEGER, $17::INTEGER, $18::INTEGER, $19::DATE, $20::DATE, $21::DATE, $22::VARCHAR, $23::VARCHAR, $24::VARCHAR, $25::VARCHAR, $26::VARCHAR, $27::VARCHAR, $28::VARCHAR, $29::INTEGER, $30::INTEGER, $31::VARCHAR, $32::INTEGER, $33::VARCHAR, $34::VARCHAR, $35::VARCHAR, $36::VARCHAR, $37::DATE, $38::VARCHAR, $39::VARCHAR, $40::INTEGER, $41::INTEGER, $42::INTEGER, $43::INTEGER, $44::INTEGER, $45::VARCHAR, $46::VARCHAR, $47::VARCHAR, $48::VARCHAR, $49::VARCHAR) RETURNING portfoliov01.id]
[parameters: (1, '058ОР-САК/04/2023РКБ', '4679А2-30(АКН-10) VIN (Зав.№): X894679A2H0GB8042', 'ООО "СПЕЦАВТОКОМ"', '0', '058ОР-САК/04/2023РКБ', '05-05-2023', 1, 4000000, 2000000, 2027810, 0, 4337755, 0, 0, 0, 0, 0, '20-12-2023', '17-05-2023', '11-05-2023', 'ТЕХНОСНАБКОМПЛЕКТ ООО', 'C', 'Нет', 'Оренбург', 'Кадыров Мустафоджон Бахтиерович', 'КАМАЗ', 'Иное', 6, 10.5, 'Грузовой С', 12, '', 'Сотрудник клиента', 'Да', 'Специальные автомобили', '31-05-2023', 'Да', 'Автоцистерны для перевозки пищевых жидкостей, светлых и темных нефтепродуктов, битума и мазута.', 4000000, 0, 2000000, 14000, 100000, 'Нет', 'Нет', 'Нет', 'Нет', 'Закрыт')]
(Background on this error at: https://sqlalche.me/e/20/dbapi)
2024-10-22 11:40:47.311 | INFO     | main:lifespan:17 - Application is End
2024-10-22 11:40:59.188 | INFO     | main:lifespan:13 - Application is Started
2024-10-22 11:41:15.955 | INFO     | main:lifespan:17 - Application is End
2024-10-22 11:41:16.853 | INFO     | main:lifespan:13 - Application is Started
2024-10-22 11:42:13.611 | INFO     | main:lifespan:17 - Application is End
2024-10-22 11:42:43.837 | INFO     | main:lifespan:13 - Application is Started
2024-10-22 11:43:15.769 | INFO     | main:lifespan:17 - Application is End
2024-10-22 11:47:35.194 | INFO     | main:lifespan:13 - Application is Started
2024-10-22 11:48:52.561 | ERROR    | src.routers.retransmission.services:create_portfolio:24 - Exception by create portfolio: (sqlalchemy.dialects.postgresql.asyncpg.IntegrityError) <class 'asyncpg.exceptions.NotNullViolationError'>: null value in column "insert_date" of relation "portfoliov01" violates not-null constraint
DETAIL:  Failing row contains (1, 1, 058ОР-САК/04/2023РКБ, 4679А2-30(АКН-10) VIN (Зав.№): X894679A2H0GB8042, ООО "СПЕЦАВТОКОМ", 0, 058ОР-САК/04/2023РКБ, 2023-05-05, 1, 4000000, 2000000, 2027810, 0, 4337755, 0, 0, 0, 0, 0, 2023-12-20, 2023-05-17, 2023-05-11, ТЕХНОСНАБКОМПЛЕКТ ООО, C, Нет, Оренбург, Кадыров Мустафоджон Бахтиерович, КАМАЗ, Иное, 6, 10, Грузовой С, 12, , Сотрудник клиента, Да , Специальные автомобили, 2023-05-31, Да , Автоцистерны для перевозки пищевы..., 4000000, 0, 2000000, 14000, 100000, Нет, Нет, Нет, Нет, Закрыт, null, null).
[SQL: INSERT INTO portfoliov01 (num, dl, pl, kontragent, dltype, dlnum, dldate, plquan, price, sumavans, sumlp, sumvp, sumdl, suminv, valos, sumos, fpay, opay, statdate, admdate, admavdldate, supp, catavto, comtr, div, men, brand, mod, mar, bid, lp, term, aff, ist, secl, addtype, exdate, rep, purp, val, addinc, avans, bonus, agsum, dua, dup, duz, duc, status) VALUES ($1::INTEGER, $2::VARCHAR, $3::VARCHAR, $4::VARCHAR, $5::VARCHAR, $6::VARCHAR, $7::DATE, $8::INTEGER, $9::INTEGER, $10::INTEGER, $11::INTEGER, $12::INTEGER, $13::INTEGER, $14::INTEGER, $15::INTEGER, $16::INTEGER, $17::INTEGER, $18::INTEGER, $19::DATE, $20::DATE, $21::DATE, $22::VARCHAR, $23::VARCHAR, $24::VARCHAR, $25::VARCHAR, $26::VARCHAR, $27::VARCHAR, $28::VARCHAR, $29::INTEGER, $30::INTEGER, $31::VARCHAR, $32::INTEGER, $33::VARCHAR, $34::VARCHAR, $35::VARCHAR, $36::VARCHAR, $37::DATE, $38::VARCHAR, $39::VARCHAR, $40::INTEGER, $41::INTEGER, $42::INTEGER, $43::INTEGER, $44::INTEGER, $45::VARCHAR, $46::VARCHAR, $47::VARCHAR, $48::VARCHAR, $49::VARCHAR) RETURNING portfoliov01.id]
[parameters: (1, '058ОР-САК/04/2023РКБ', '4679А2-30(АКН-10) VIN (Зав.№): X894679A2H0GB8042', 'ООО "СПЕЦАВТОКОМ"', '0', '058ОР-САК/04/2023РКБ', datetime.date(2023, 5, 5), 1, 4000000, 2000000, 2027810, 0, 4337755, 0, 0, 0, 0, 0, datetime.date(2023, 12, 20), datetime.date(2023, 5, 17), datetime.date(2023, 5, 11), 'ТЕХНОСНАБКОМПЛЕКТ ООО', 'C', 'Нет', 'Оренбург', 'Кадыров Мустафоджон Бахтиерович', 'КАМАЗ', 'Иное', 6, 10.5, 'Грузовой С', 12, '', 'Сотрудник клиента', 'Да', 'Специальные автомобили', datetime.date(2023, 5, 31), 'Да', 'Автоцистерны для перевозки пищевых жидкостей, светлых и темных нефтепродуктов, битума и мазута.', 4000000, 0, 2000000, 14000, 100000, 'Нет', 'Нет', 'Нет', 'Нет', 'Закрыт')]
(Background on this error at: https://sqlalche.me/e/20/gkpj)
2024-10-22 11:50:00.859 | INFO     | main:lifespan:17 - Application is End
2024-10-22 11:55:42.848 | INFO     | main:lifespan:13 - Application is Started
2024-10-22 11:55:44.958 | INFO     | main:lifespan:17 - Application is End
2024-10-22 11:56:41.043 | INFO     | main:lifespan:13 - Application is Started
2024-10-22 11:56:54.601 | ERROR    | src.routers.retransmission.services:create_portfolio:24 - Exception by create portfolio: (sqlalchemy.dialects.postgresql.asyncpg.IntegrityError) <class 'asyncpg.exceptions.NotNullViolationError'>: null value in column "insert_file" of relation "portfoliov01" violates not-null constraint
DETAIL:  Failing row contains (1, 1, 058ОР-САК/04/2023РКБ, 4679А2-30(АКН-10) VIN (Зав.№): X894679A2H0GB8042, ООО "СПЕЦАВТОКОМ", 0, 058ОР-САК/04/2023РКБ, 2023-05-05, 1, 4000000, 2000000, 2027810, 0, 4337755, 0, 0, 0, 0, 0, 2023-12-20, 2023-05-17, 2023-05-11, ТЕХНОСНАБКОМПЛЕКТ ООО, C, Нет, Оренбург, Кадыров Мустафоджон Бахтиерович, КАМАЗ, Иное, 6, 10, Грузовой С, 12, , Сотрудник клиента, Да , Специальные автомобили, 2023-05-31, Да , Автоцистерны для перевозки пищевы..., 4000000, 0, 2000000, 14000, 100000, Нет, Нет, Нет, Нет, Закрыт, 2024-10-22, null).
[SQL: INSERT INTO portfoliov01 (num, dl, pl, kontragent, dltype, dlnum, dldate, plquan, price, sumavans, sumlp, sumvp, sumdl, suminv, valos, sumos, fpay, opay, statdate, admdate, admavdldate, supp, catavto, comtr, div, men, brand, mod, mar, bid, lp, term, aff, ist, secl, addtype, exdate, rep, purp, val, addinc, avans, bonus, agsum, dua, dup, duz, duc, status, insert_date) VALUES ($1::INTEGER, $2::VARCHAR, $3::VARCHAR, $4::VARCHAR, $5::VARCHAR, $6::VARCHAR, $7::DATE, $8::INTEGER, $9::INTEGER, $10::INTEGER, $11::INTEGER, $12::INTEGER, $13::INTEGER, $14::INTEGER, $15::INTEGER, $16::INTEGER, $17::INTEGER, $18::INTEGER, $19::DATE, $20::DATE, $21::DATE, $22::VARCHAR, $23::VARCHAR, $24::VARCHAR, $25::VARCHAR, $26::VARCHAR, $27::VARCHAR, $28::VARCHAR, $29::INTEGER, $30::INTEGER, $31::VARCHAR, $32::INTEGER, $33::VARCHAR, $34::VARCHAR, $35::VARCHAR, $36::VARCHAR, $37::DATE, $38::VARCHAR, $39::VARCHAR, $40::INTEGER, $41::INTEGER, $42::INTEGER, $43::INTEGER, $44::INTEGER, $45::VARCHAR, $46::VARCHAR, $47::VARCHAR, $48::VARCHAR, $49::VARCHAR, now()) RETURNING portfoliov01.id]
[parameters: (1, '058ОР-САК/04/2023РКБ', '4679А2-30(АКН-10) VIN (Зав.№): X894679A2H0GB8042', 'ООО "СПЕЦАВТОКОМ"', '0', '058ОР-САК/04/2023РКБ', datetime.date(2023, 5, 5), 1, 4000000, 2000000, 2027810, 0, 4337755, 0, 0, 0, 0, 0, datetime.date(2023, 12, 20), datetime.date(2023, 5, 17), datetime.date(2023, 5, 11), 'ТЕХНОСНАБКОМПЛЕКТ ООО', 'C', 'Нет', 'Оренбург', 'Кадыров Мустафоджон Бахтиерович', 'КАМАЗ', 'Иное', 6, 10.5, 'Грузовой С', 12, '', 'Сотрудник клиента', 'Да', 'Специальные автомобили', datetime.date(2023, 5, 31), 'Да', 'Автоцистерны для перевозки пищевых жидкостей, светлых и темных нефтепродуктов, битума и мазута.', 4000000, 0, 2000000, 14000, 100000, 'Нет', 'Нет', 'Нет', 'Нет', 'Закрыт')]
(Background on this error at: https://sqlalche.me/e/20/gkpj)
2024-10-22 11:57:31.557 | INFO     | main:lifespan:17 - Application is End
2024-10-22 11:57:32.397 | INFO     | main:lifespan:13 - Application is Started
2024-10-22 11:57:35.740 | ERROR    | src.routers.retransmission.services:create_portfolio:24 - Exception by create portfolio: (sqlalchemy.dialects.postgresql.asyncpg.IntegrityError) <class 'asyncpg.exceptions.NotNullViolationError'>: null value in column "insert_file" of relation "portfoliov01" violates not-null constraint
DETAIL:  Failing row contains (2, 1, 058ОР-САК/04/2023РКБ, 4679А2-30(АКН-10) VIN (Зав.№): X894679A2H0GB8042, ООО "СПЕЦАВТОКОМ", 0, 058ОР-САК/04/2023РКБ, 2023-05-05, 1, 4000000, 2000000, 2027810, 0, 4337755, 0, 0, 0, 0, 0, 2023-12-20, 2023-05-17, 2023-05-11, ТЕХНОСНАБКОМПЛЕКТ ООО, C, Нет, Оренбург, Кадыров Мустафоджон Бахтиерович, КАМАЗ, Иное, 6, 10, Грузовой С, 12, , Сотрудник клиента, Да , Специальные автомобили, 2023-05-31, Да , Автоцистерны для перевозки пищевы..., 4000000, 0, 2000000, 14000, 100000, Нет, Нет, Нет, Нет, Закрыт, 2024-10-22, null).
[SQL: INSERT INTO portfoliov01 (num, dl, pl, kontragent, dltype, dlnum, dldate, plquan, price, sumavans, sumlp, sumvp, sumdl, suminv, valos, sumos, fpay, opay, statdate, admdate, admavdldate, supp, catavto, comtr, div, men, brand, mod, mar, bid, lp, term, aff, ist, secl, addtype, exdate, rep, purp, val, addinc, avans, bonus, agsum, dua, dup, duz, duc, status, insert_date) VALUES ($1::INTEGER, $2::VARCHAR, $3::VARCHAR, $4::VARCHAR, $5::VARCHAR, $6::VARCHAR, $7::DATE, $8::INTEGER, $9::INTEGER, $10::INTEGER, $11::INTEGER, $12::INTEGER, $13::INTEGER, $14::INTEGER, $15::INTEGER, $16::INTEGER, $17::INTEGER, $18::INTEGER, $19::DATE, $20::DATE, $21::DATE, $22::VARCHAR, $23::VARCHAR, $24::VARCHAR, $25::VARCHAR, $26::VARCHAR, $27::VARCHAR, $28::VARCHAR, $29::INTEGER, $30::INTEGER, $31::VARCHAR, $32::INTEGER, $33::VARCHAR, $34::VARCHAR, $35::VARCHAR, $36::VARCHAR, $37::DATE, $38::VARCHAR, $39::VARCHAR, $40::INTEGER, $41::INTEGER, $42::INTEGER, $43::INTEGER, $44::INTEGER, $45::VARCHAR, $46::VARCHAR, $47::VARCHAR, $48::VARCHAR, $49::VARCHAR, now()) RETURNING portfoliov01.id]
[parameters: (1, '058ОР-САК/04/2023РКБ', '4679А2-30(АКН-10) VIN (Зав.№): X894679A2H0GB8042', 'ООО "СПЕЦАВТОКОМ"', '0', '058ОР-САК/04/2023РКБ', datetime.date(2023, 5, 5), 1, 4000000, 2000000, 2027810, 0, 4337755, 0, 0, 0, 0, 0, datetime.date(2023, 12, 20), datetime.date(2023, 5, 17), datetime.date(2023, 5, 11), 'ТЕХНОСНАБКОМПЛЕКТ ООО', 'C', 'Нет', 'Оренбург', 'Кадыров Мустафоджон Бахтиерович', 'КАМАЗ', 'Иное', 6, 10.5, 'Грузовой С', 12, '', 'Сотрудник клиента', 'Да', 'Специальные автомобили', datetime.date(2023, 5, 31), 'Да', 'Автоцистерны для перевозки пищевых жидкостей, светлых и темных нефтепродуктов, битума и мазута.', 4000000, 0, 2000000, 14000, 100000, 'Нет', 'Нет', 'Нет', 'Нет', 'Закрыт')]
(Background on this error at: https://sqlalche.me/e/20/gkpj)
2024-10-22 11:57:41.740 | INFO     | main:lifespan:17 - Application is End
2024-10-22 11:58:31.539 | INFO     | main:lifespan:13 - Application is Started
2024-10-22 12:00:05.241 | INFO     | main:lifespan:17 - Application is End
2024-10-22 12:00:06.129 | INFO     | main:lifespan:13 - Application is Started
2024-10-22 12:00:56.454 | INFO     | main:lifespan:17 - Application is End
2024-10-22 12:00:57.411 | INFO     | main:lifespan:13 - Application is Started
2024-10-22 12:02:43.954 | INFO     | main:lifespan:17 - Application is End
2024-10-22 12:02:44.836 | INFO     | main:lifespan:13 - Application is Started
2024-10-22 12:03:15.964 | INFO     | main:lifespan:17 - Application is End
2024-10-22 12:03:16.844 | INFO     | main:lifespan:13 - Application is Started
2024-10-22 12:03:26.483 | INFO     | main:lifespan:17 - Application is End
2024-10-22 12:03:27.350 | INFO     | main:lifespan:13 - Application is Started
2024-10-22 12:03:34.383 | INFO     | main:lifespan:17 - Application is End
2024-10-22 12:03:35.260 | INFO     | main:lifespan:13 - Application is Started
2024-10-22 12:04:50.976 | INFO     | main:lifespan:17 - Application is End
2024-10-22 12:04:51.789 | INFO     | main:lifespan:12 - Application is Started
